<tr>
<td>sudoku-9x9-27-jNlEgHgh.cnf</td>
<td>729</td>
<td>12015</td>
<td>68</td>
<td>0.325973</td>
<td>104</td>
</tr>
<tr>
<td>sudoku-9x9-27-yXG5c9tq.cnf</td>
<td>729</td>
<td>12015</td>
<td>745</td>
<td>3.19467</td>
<td>1379</td>
</tr>
<tr>
<td>sudoku-9x9-27-ee0KVDdd.cnf</td>
<td>729</td>
<td>12015</td>
<td>41</td>
<td>0.167111</td>
<td>147</td>
</tr>
<tr>
<td>sudoku-9x9-27-5HIDaYV9.cnf</td>
<td>729</td>
<td>12015</td>
<td>311</td>
<td>1.71902</td>
<td>589</td>
</tr>
<tr>
<td>sudoku-9x9-27-XLcFFdkO.cnf</td>
<td>729</td>
<td>12015</td>
<td>680</td>
<td>3.32319</td>
<td>1768</td>
</tr>
<tr>
<td>sudoku-9x9-27-8BKN7vqf.cnf</td>
<td>729</td>
<td>12015</td>
<td>558</td>
<td>2.76175</td>
<td>1285</td>
</tr>
<tr>
<td>sudoku-9x9-27-G6Y1IvNt.cnf</td>
<td>729</td>
<td>12015</td>
<td>842</td>
<td>4.46878</td>
<td>1630</td>
</tr>
<tr>
<td>sudoku-9x9-27-wNtQ7d2Z.cnf</td>
<td>729</td>
<td>12015</td>
<td>65</td>
<td>0.243744</td>
<td>245</td>
</tr>
<tr>
<td>sudoku-9x9-27-7LQJ5UAh.cnf</td>
<td>729</td>
<td>12015</td>
<td>563</td>
<td>2.63157</td>
<td>1096</td>
</tr>
<tr>
<td>sudoku-9x9-27-FDKx3Nlx.cnf</td>
<td>729</td>
<td>12015</td>
<td>511</td>
<td>2.36741</td>
<td>1036</td>
</tr>
<tr>
<td>sudoku-9x9-29-bEmZdKN4.cnf</td>
<td>729</td>
<td>12017</td>
<td>24</td>
<td>0.122973</td>
<td>31</td>
</tr>
<tr>
<td>sudoku-9x9-27-I0XyqiMr.cnf</td>
<td>729</td>
<td>12015</td>
<td>307</td>
<td>1.59598</td>
<td>497</td>
</tr>
<tr>
<td>sudoku-9x9-27-qO8usizh.cnf</td>
<td>729</td>
<td>12015</td>
<td>57</td>
<td>0.289681</td>
<td>87</td>
</tr>
<tr>
<td>sudoku-9x9-27-Qed3iPeJ.cnf</td>
<td>729</td>
<td>12015</td>
<td>81</td>
<td>0.42512</td>
<td>118</td>
</tr>
<tr>
<td>sudoku-9x9-27-derSZXZ9.cnf</td>
<td>729</td>
<td>12015</td>
<td>53</td>
<td>0.288835</td>
<td>71</td>
</tr>
<tr>
<td>sudoku-9x9-28-e8a0t8Qh.cnf</td>
<td>729</td>
<td>12016</td>
<td>108</td>
<td>0.551494</td>
<td>148</td>
</tr>
<tr>
<td>sudoku-9x9-27-jvfcBWVm.cnf</td>
<td>729</td>
<td>12015</td>
<td>116</td>
<td>0.492802</td>
<td>224</td>
</tr>
<tr>
<td>sudoku-9x9-29-VkPB3V95.cnf</td>
<td>729</td>
<td>12017</td>
<td>63</td>
<td>0.244365</td>
<td>132</td>
</tr>
<tr>
<td>sudoku-9x9-29-m4LQgyuv.cnf</td>
<td>729</td>
<td>12017</td>
<td>83</td>
<td>0.426306</td>
<td>102</td>
</tr>
<tr>
<td>sudoku-9x9-28-xQEX2Xnn.cnf</td>
<td>729</td>
<td>12016</td>
<td>191</td>
<td>0.909377</td>
<td>278</td>
</tr>
<tr>
<td>sudoku-9x9-28-J0cRSNbF.cnf</td>
<td>729</td>
<td>12016</td>
<td>123</td>
<td>0.569667</td>
<td>211</td>
</tr>
<tr>
<td>sudoku-9x9-27-FUfxXXWB.cnf</td>
<td>729</td>
<td>12015</td>
<td>834</td>
<td>4.06102</td>
<td>1957</td>
</tr>
<tr>
<td>sudoku-9x9-27-VV1vcr6M.cnf</td>
<td>729</td>
<td>12015</td>
<td>69</td>
<td>0.301258</td>
<td>219</td>
</tr>
<tr>
<td>sudoku-9x9-27-6rmyJH45.cnf</td>
<td>729</td>
<td>12015</td>
<td>219</td>
<td>0.998389</td>
<td>395</td>
</tr>
<tr>
<td>sudoku-9x9-28-CL4Zkv67.cnf</td>
<td>729</td>
<td>12016</td>
<td>59</td>
<td>0.245554</td>
<td>178</td>
</tr>
<tr>
<td>sudoku-9x9-29-iiQLg4hk.cnf</td>
<td>729</td>
<td>12017</td>
<td>87</td>
<td>0.297793</td>
<td>426</td>
</tr>
<tr>
<td>sudoku-9x9-29-GsLlhiY4.cnf</td>
<td>729</td>
<td>12017</td>
<td>45</td>
<td>0.164564</td>
<td>106</td>
</tr>
<tr>
<td>sudoku-9x9-28-1DhziRK3.cnf</td>
<td>729</td>
<td>12016</td>
<td>364</td>
<td>1.52605</td>
<td>724</td>
</tr>
<tr>
<td>sudoku-9x9-28-QvslkGRL.cnf</td>
<td>729</td>
<td>12016</td>
<td>25</td>
<td>0.129596</td>
<td>41</td>
</tr>
<tr>
<td>sudoku-9x9-28-61cPIXEj.cnf</td>
<td>729</td>
<td>12016</td>
<td>25</td>
<td>0.095901</td>
<td>45</td>
</tr>
<tr>
<td>sudoku-9x9-28-LlJxFL3u.cnf</td>
<td>729</td>
<td>12016</td>
<td>113</td>
<td>0.567833</td>
<td>486</td>
</tr>
<tr>
<td>sudoku-9x9-29-niJE3AGD.cnf</td>
<td>729</td>
<td>12017</td>
<td>65</td>
<td>0.282947</td>
<td>87</td>
</tr>
<tr>
<td>sudoku-9x9-27-JiVvbPul.cnf</td>
<td>729</td>
<td>12015</td>
<td>145</td>
<td>0.601083</td>
<td>207</td>
</tr>
<tr>
<td>sudoku-9x9-28-jtnngNEl.cnf</td>
<td>729</td>
<td>12016</td>
<td>137</td>
<td>0.587127</td>
<td>242</td>
</tr>
<tr>
<td>sudoku-9x9-28-dFChAcmO.cnf</td>
<td>729</td>
<td>12016</td>
<td>116</td>
<td>0.612824</td>
<td>197</td>
</tr>
<tr>
<td>sudoku-9x9-27-MVKTbxF2.cnf</td>
<td>729</td>
<td>12015</td>
<td>631</td>
<td>3.51555</td>
<td>1412</td>
</tr>
<tr>
<td>sudoku-9x9-28-4XQVu39L.cnf</td>
<td>729</td>
<td>12016</td>
<td>60</td>
<td>0.284284</td>
<td>148</td>
</tr>
<tr>
<td>sudoku-9x9-28-l1MB7pHl.cnf</td>
<td>729</td>
<td>12016</td>
<td>55</td>
<td>0.308074</td>
<td>121</td>
</tr>
<tr>
<td>sudoku-9x9-27-9oZof2uk.cnf</td>
<td>729</td>
<td>12015</td>
<td>634</td>
<td>2.90511</td>
<td>1230</td>
</tr>
<tr>
<td>sudoku-9x9-28-KsP74AD8.cnf</td>
<td>729</td>
<td>12016</td>
<td>786</td>
<td>3.64449</td>
<td>1976</td>
</tr>
<tr>
<td>sudoku-9x9-28-3vLQnCMj.cnf</td>
<td>729</td>
<td>12016</td>
<td>38</td>
<td>0.154312</td>
<td>61</td>
</tr>
<tr>
<td>sudoku-9x9-27-OnwK6nRz.cnf</td>
<td>729</td>
<td>12015</td>
<td>152</td>
<td>0.67955</td>
<td>355</td>
</tr>
<tr>
<td>sudoku-9x9-28-en8hbaa0.cnf</td>
<td>729</td>
<td>12016</td>
<td>33</td>
<td>0.129415</td>
<td>78</td>
</tr>
<tr>
<td>sudoku-9x9-29-Oje6U5Ie.cnf</td>
<td>729</td>
<td>12017</td>
<td>178</td>
<td>0.789496</td>
<td>561</td>
</tr>
<tr>
<td>sudoku-9x9-28-qV3N1BWm.cnf</td>
<td>729</td>
<td>12016</td>
<td>165</td>
<td>0.652925</td>
<td>434</td>
</tr>
<tr>
<td>sudoku-9x9-28-PbtTYNS4.cnf</td>
<td>729</td>
<td>12016</td>
<td>44</td>
<td>0.168106</td>
<td>119</td>
</tr>
<tr>
<td>sudoku-9x9-29-EELTiBn0.cnf</td>
<td>729</td>
<td>12017</td>
<td>91</td>
<td>0.321947</td>
<td>277</td>
</tr>
<tr>
<td>sudoku-9x9-28-eYeO3kXZ.cnf</td>
<td>729</td>
<td>12016</td>
<td>204</td>
<td>0.979394</td>
<td>833</td>
</tr>
<tr>
<td>sudoku-9x9-27-ZUXNGp3v.cnf</td>
<td>729</td>
<td>12015</td>
<td>42</td>
<td>0.183072</td>
<td>79</td>
</tr>
<tr>
<td>sudoku-9x9-27-nsNmEat1.cnf</td>
<td>729</td>
<td>12015</td>
<td>41</td>
<td>0.193152</td>
<td>105</td>
</tr>
<tr>
<td>sudoku-9x9-27-OJs13HnB.cnf</td>
<td>729</td>
<td>12015</td>
<td>703</td>
<td>3.83718</td>
<td>1343</td>
</tr>
<tr>
<td>sudoku-9x9-28-wSc5R6bt.cnf</td>
<td>729</td>
<td>12016</td>
<td>313</td>
<td>1.57241</td>
<td>689</td>
</tr>
<tr>
<td>sudoku-9x9-27-R5yGpKVC.cnf</td>
<td>729</td>
<td>12015</td>
<td>990</td>
<td>4.67922</td>
<td>2464</td>
</tr>
<tr>
<td>sudoku-9x9-28-bavo36BI.cnf</td>
<td>729</td>
<td>12016</td>
<td>350</td>
<td>1.44812</td>
<td>1031</td>
</tr>
<tr>
<td>sudoku-9x9-28-wCtbIM0W.cnf</td>
<td>729</td>
<td>12016</td>
<td>236</td>
<td>1.05081</td>
<td>805</td>
</tr>
<tr>
<td>sudoku-9x9-27-WFH36Y04.cnf</td>
<td>729</td>
<td>12015</td>
<td>919</td>
<td>4.83069</td>
<td>2130</td>
</tr>
<tr>
<td>sudoku-9x9-27-XDNnnSkY.cnf</td>
<td>729</td>
<td>12015</td>
<td>273</td>
<td>1.35823</td>
<td>442</td>
</tr>
<tr>
<td>sudoku-9x9-28-nG4OLc2D.cnf</td>
<td>729</td>
<td>12016</td>
<td>928</td>
<td>4.98585</td>
<td>2434</td>
</tr>
<tr>
<td>sudoku-9x9-28-odAYxf8N.cnf</td>
<td>729</td>
<td>12016</td>
<td>86</td>
<td>0.420784</td>
<td>158</td>
</tr>
<tr>
<td>sudoku-9x9-27-UQ9QVP1o.cnf</td>
<td>729</td>
<td>12015</td>
<td>68</td>
<td>0.326807</td>
<td>92</td>
</tr>
<tr>
<td>sudoku-9x9-29-SO8l4x4Y.cnf</td>
<td>729</td>
<td>12017</td>
<td>51</td>
<td>0.220022</td>
<td>93</td>
</tr>
<tr>
<td>sudoku-9x9-29-QzdUAYzP.cnf</td>
<td>729</td>
<td>12017</td>
<td>103</td>
<td>0.50984</td>
<td>169</td>
</tr>
<tr>
<td>sudoku-9x9-28-wT9O1tFW.cnf</td>
<td>729</td>
<td>12016</td>
<td>145</td>
<td>0.708425</td>
<td>181</td>
</tr>
<tr>
<td>sudoku-9x9-28-ICnVqbM8.cnf</td>
<td>729</td>
<td>12016</td>
<td>89</td>
<td>0.382167</td>
<td>203</td>
</tr>
<tr>
<td>sudoku-9x9-28-R7pRHVsK.cnf</td>
<td>729</td>
<td>12016</td>
<td>67</td>
<td>0.247952</td>
<td>114</td>
</tr>
<tr>
<td>sudoku-9x9-27-BjO61hFn.cnf</td>
<td>729</td>
<td>12015</td>
<td>594</td>
<td>2.45346</td>
<td>1836</td>
</tr>
<tr>
<td>sudoku-9x9-28-m6inlBAw.cnf</td>
<td>729</td>
<td>12016</td>
<td>47</td>
<td>0.21038</td>
<td>124</td>
</tr>
<tr>
<td>sudoku-9x9-27-6zIn0GCY.cnf</td>
<td>729</td>
<td>12015</td>
<td>555</td>
<td>2.37531</td>
<td>1576</td>
</tr>
<tr>
<td>sudoku-9x9-27-f3rCzyxm.cnf</td>
<td>729</td>
<td>12015</td>
<td>544</td>
<td>2.53735</td>
<td>1081</td>
</tr>
<tr>
<td>sudoku-9x9-28-1m3AVFS7.cnf</td>
<td>729</td>
<td>12016</td>
<td>66</td>
<td>0.281751</td>
<td>99</td>
</tr>
<tr>
<td>sudoku-9x9-28-QVu1q39T.cnf</td>
<td>729</td>
<td>12016</td>
<td>147</td>
<td>0.546733</td>
<td>256</td>
</tr>
<tr>
<td>sudoku-9x9-29-tyBJ6B6c.cnf</td>
<td>729</td>
<td>12017</td>
<td>330</td>
<td>1.45939</td>
<td>478</td>
</tr>
<tr>
<td>sudoku-9x9-27-WnpexEzG.cnf</td>
<td>729</td>
<td>12015</td>
<td>706</td>
<td>5.19512</td>
<td>1206</td>
</tr>
<tr>
<td>sudoku-9x9-28-yMQfOajX.cnf</td>
<td>729</td>
<td>12016</td>
<td>27</td>
<td>0.12441</td>
<td>39</td>
</tr>
<tr>
<td>sudoku-9x9-29-x4li9uCy.cnf</td>
<td>729</td>
<td>12017</td>
<td>52</td>
<td>0.245434</td>
<td>127</td>
</tr>
<tr>
<td>sudoku-9x9-28-GlDXVgVM.cnf</td>
<td>729</td>
<td>12016</td>
<td>348</td>
<td>2.06908</td>
<td>853</td>
</tr>
<tr>
<td>sudoku-9x9-27-H4fmhrpW.cnf</td>
<td>729</td>
<td>12015</td>
<td>707</td>
<td>4.13829</td>
<td>4764</td>
</tr>
<tr>
<td>sudoku-9x9-28-nQbNfFrw.cnf</td>
<td>729</td>
<td>12016</td>
<td>124</td>
<td>0.804558</td>
<td>277</td>
</tr>
<tr>
<td>sudoku-9x9-29-BUANPLaa.cnf</td>
<td>729</td>
<td>12017</td>
<td>30</td>
<td>0.161325</td>
<td>49</td>
</tr>
<tr>
<td>sudoku-9x9-27-uXgBSulQ.cnf</td>
<td>729</td>
<td>12015</td>
<td>29</td>
<td>0.172203</td>
<td>67</td>
</tr>
<tr>
<td>sudoku-9x9-27-5eS7k9RQ.cnf</td>
<td>729</td>
<td>12015</td>
<td>57</td>
<td>0.320595</td>
<td>100</td>
</tr>
<tr>
<td>sudoku-9x9-28-Yb7PXR0R.cnf</td>
<td>729</td>
<td>12016</td>
<td>20</td>
<td>0.089308</td>
<td>39</td>
</tr>
<tr>
<td>sudoku-9x9-28-Lp6P6r13.cnf</td>
<td>729</td>
<td>12016</td>
<td>330</td>
<td>2.11168</td>
<td>704</td>
</tr>
<tr>
<td>sudoku-9x9-28-KrNIWeSh.cnf</td>
<td>729</td>
<td>12016</td>
<td>42</td>
<td>0.234952</td>
<td>72</td>
</tr>
<tr>
<td>sudoku-9x9-27-Y3tJx8SW.cnf</td>
<td>729</td>
<td>12015</td>
<td>327</td>
<td>2.05015</td>
<td>840</td>
</tr>
<tr>
<td>sudoku-9x9-28-FaCc4zmA.cnf</td>
<td>729</td>
<td>12016</td>
<td>185</td>
<td>1.0152</td>
<td>381</td>
</tr>
<tr>
<td>sudoku-9x9-27-en0nzhAi.cnf</td>
<td>729</td>
<td>12015</td>
<td>75</td>
<td>0.409427</td>
<td>195</td>
</tr>
<tr>
<td>sudoku-9x9-27-YAQC56Gt.cnf</td>
<td>729</td>
<td>12015</td>
<td>340</td>
<td>2.04219</td>
<td>720</td>
</tr>
<tr>
<td>sudoku-9x9-27-03dNjK2M.cnf</td>
<td>729</td>
<td>12015</td>
<td>707</td>
<td>4.06206</td>
<td>1942</td>
</tr>
<tr>
<td>sudoku-9x9-29-D3qU1lPw.cnf</td>
<td>729</td>
<td>12017</td>
<td>38</td>
<td>0.215808</td>
<td>48</td>
</tr>
<tr>
<td>sudoku-9x9-28-f5izdc7Y.cnf</td>
<td>729</td>
<td>12016</td>
<td>39</td>
<td>0.228817</td>
<td>52</td>
</tr>
<tr>
<td>sudoku-9x9-29-UuMt7ZJx.cnf</td>
<td>729</td>
<td>12017</td>
<td>270</td>
<td>1.62055</td>
<td>716</td>
</tr>
<tr>
<td>sudoku-9x9-28-JuY3Gk5Z.cnf</td>
<td>729</td>
<td>12016</td>
<td>298</td>
<td>2.01407</td>
<td>517</td>
</tr>
<tr>
<td>sudoku-9x9-27-SMRoR717.cnf</td>
<td>729</td>
<td>12015</td>
<td>654</td>
<td>4.11801</td>
<td>2485</td>
</tr>
<tr>
<td>sudoku-9x9-27-zjJhT8To.cnf</td>
<td>729</td>
<td>12015</td>
<td>98</td>
<td>0.661927</td>
<td>152</td>
</tr>
<tr>
<td>sudoku-9x9-28-FOqNjF9u.cnf</td>
<td>729</td>
<td>12016</td>
<td>303</td>
<td>1.87725</td>
<td>684</td>
</tr>
<tr>
<td>sudoku-9x9-29-Pa4RH5Ag.cnf</td>
<td>729</td>
<td>12017</td>
<td>70</td>
<td>0.464171</td>
<td>125</td>
</tr>
<tr>
<td>sudoku-9x9-28-5eMF6ciJ.cnf</td>
<td>729</td>
<td>12016</td>
<td>30</td>
<td>0.149553</td>
<td>94</td>
</tr>
<tr>
<td>sudoku-9x9-27-bP00wR9S.cnf</td>
<td>729</td>
<td>12015</td>
<td>27</td>
<td>0.144424</td>
<td>59</td>
</tr>
<tr>
<td>sudoku-9x9-29-ZRcXbgOA.cnf</td>
<td>729</td>
<td>12017</td>
<td>71</td>
<td>0.342223</td>
<td>124</td>
</tr>
<tr>
<td>sudoku-9x9-27-9pE8DCMQ.cnf</td>
<td>729</td>
<td>12015</td>
<td>604</td>
<td>3.93691</td>
<td>1756</td>
</tr>
<tr>
<td>sudoku-9x9-27-CRUBrtJ9.cnf</td>
<td>729</td>
<td>12015</td>
<td>266</td>
<td>1.55491</td>
<td>666</td>
</tr>
<tr>
<td>sudoku-9x9-28-9TQZs5d8.cnf</td>
<td>729</td>
<td>12016</td>
<td>71</td>
<td>0.409096</td>
<td>172</td>
</tr>
<tr>
<td>sudoku-9x9-27-Lr751pUn.cnf</td>
<td>729</td>
<td>12015</td>
<td>511</td>
<td>2.83502</td>
<td>1266</td>
</tr>
<tr>
<td>sudoku-9x9-28-9cEAHfYE.cnf</td>
<td>729</td>
<td>12016</td>
<td>189</td>
<td>1.14466</td>
<td>560</td>
</tr>
<tr>
<td>sudoku-9x9-29-Tsa6hhch.cnf</td>
<td>729</td>
<td>12017</td>
<td>110</td>
<td>0.617087</td>
<td>208</td>
</tr>
<tr>
<td>sudoku-9x9-29-b2z8Yr9a.cnf</td>
<td>729</td>
<td>12017</td>
<td>320</td>
<td>2.1312</td>
<td>649</td>
</tr>
<tr>
<td>sudoku-9x9-27-apjctz7t.cnf</td>
<td>729</td>
<td>12015</td>
<td>86</td>
<td>0.647028</td>
<td>129</td>
</tr>
<tr>
<td>sudoku-9x9-28-C1rDKLeS.cnf</td>
<td>729</td>
<td>12016</td>
<td>194</td>
<td>1.06586</td>
<td>383</td>
</tr>
<tr>
<td>sudoku-9x9-27-J0uxfLdm.cnf</td>
<td>729</td>
<td>12015</td>
<td>168</td>
<td>1.20365</td>
<td>240</td>
</tr>
<tr>
<td>sudoku-9x9-28-cporERgJ.cnf</td>
<td>729</td>
<td>12016</td>
<td>325</td>
<td>1.93068</td>
<td>944</td>
</tr>
<tr>
<td>sudoku-9x9-27-Xr4D6l27.cnf</td>
<td>729</td>
<td>12015</td>
<td>88</td>
<td>0.554141</td>
<td>173</td>
</tr>
<tr>
<td>sudoku-9x9-27-7FAdcBhs.cnf</td>
<td>729</td>
<td>12015</td>
<td>42</td>
<td>0.260305</td>
<td>88</td>
</tr>
<tr>
<td>sudoku-9x9-28-V1PR4WGe.cnf</td>
<td>729</td>
<td>12016</td>
<td>156</td>
<td>1.02656</td>
<td>338</td>
</tr>
<tr>
<td>sudoku-9x9-27-J9Tv8wMN.cnf</td>
<td>729</td>
<td>12015</td>
<td>131</td>
<td>0.721313</td>
<td>238</td>
</tr>
<tr>
<td>sudoku-9x9-27-Feq9ryfE.cnf</td>
<td>729</td>
<td>12015</td>
<td>43</td>
<td>0.228474</td>
<td>67</td>
</tr>
<tr>
<td>sudoku-9x9-27-OOgmXDwa.cnf</td>
<td>729</td>
<td>12015</td>
<td>102</td>
<td>0.622775</td>
<td>246</td>
</tr>
<tr>
<td>sudoku-9x9-27-itONLTJ6.cnf</td>
<td>729</td>
<td>12015</td>
<td>159</td>
<td>0.912465</td>
<td>344</td>
</tr>
<tr>
<td>sudoku-9x9-27-yCasATGB.cnf</td>
<td>729</td>
<td>12015</td>
<td>138</td>
<td>0.874292</td>
<td>208</td>
</tr>
<tr>
<td>sudoku-9x9-27-6RYZCZEy.cnf</td>
<td>729</td>
<td>12015</td>
<td>61</td>
<td>0.304561</td>
<td>172</td>
</tr>
<tr>
<td>sudoku-9x9-27-jXcTstZ1.cnf</td>
<td>729</td>
<td>12015</td>
<td>144</td>
<td>0.745773</td>
<td>309</td>
</tr>
<tr>
<td>sudoku-9x9-28-z2H96gpZ.cnf</td>
<td>729</td>
<td>12016</td>
<td>56</td>
<td>0.37011</td>
<td>108</td>
</tr>
<tr>
<td>sudoku-9x9-29-qCl4AmSl.cnf</td>
<td>729</td>
<td>12017</td>
<td>142</td>
<td>0.707652</td>
<td>311</td>
</tr>
<tr>
<td>sudoku-9x9-27-iK6egnq7.cnf</td>
<td>729</td>
<td>12015</td>
<td>166</td>
<td>0.918927</td>
<td>560</td>
</tr>
<tr>
<td>sudoku-9x9-27-Ip3GUIbg.cnf</td>
<td>729</td>
<td>12015</td>
<td>265</td>
<td>1.61563</td>
<td>470</td>
</tr>
<tr>
<td>sudoku-9x9-27-lBEzYYnB.cnf</td>
<td>729</td>
<td>12015</td>
<td>45</td>
<td>0.227311</td>
<td>115</td>
</tr>
<tr>
<td>sudoku-9x9-29-BnJBzFCU.cnf</td>
<td>729</td>
<td>12017</td>
<td>49</td>
<td>0.302161</td>
<td>124</td>
</tr>
<tr>
<td>sudoku-9x9-27-2B5RzQRx.cnf</td>
<td>729</td>
<td>12015</td>
<td>66</td>
<td>0.324291</td>
<td>308</td>
</tr>
<tr>
<td>sudoku-9x9-28-iOHaFSlw.cnf</td>
<td>729</td>
<td>12016</td>
<td>668</td>
<td>3.97991</td>
<td>1177</td>
</tr>
<tr>
<td>sudoku-9x9-27-6GBK1ZPp.cnf</td>
<td>729</td>
<td>12015</td>
<td>81</td>
<td>0.485778</td>
<td>159</td>
</tr>
<tr>
<td>sudoku-9x9-27-xX2gSpsR.cnf</td>
<td>729</td>
<td>12015</td>
<td>55</td>
<td>0.314921</td>
<td>161</td>
</tr>
<tr>
<td>sudoku-9x9-27-WAUJs0Vm.cnf</td>
<td>729</td>
<td>12015</td>
<td>99</td>
<td>0.513772</td>
<td>141</td>
</tr>
<tr>
<td>sudoku-9x9-27-z8PPrLzt.cnf</td>
<td>729</td>
<td>12015</td>
<td>495</td>
<td>3.00503</td>
<td>1118</td>
</tr>
<tr>
<td>sudoku-9x9-27-9vQECBA3.cnf</td>
<td>729</td>
<td>12015</td>
<td>32</td>
<td>0.207175</td>
<td>48</td>
</tr>
<tr>
<td>sudoku-9x9-29-cbT1O3CF.cnf</td>
<td>729</td>
<td>12017</td>
<td>172</td>
<td>0.860051</td>
<td>262</td>
</tr>
<tr>
<td>sudoku-9x9-29-ukPgAIZm.cnf</td>
<td>729</td>
<td>12017</td>
<td>244</td>
<td>1.50924</td>
<td>444</td>
</tr>
<tr>
<td>sudoku-9x9-27-K8oHBCj8.cnf</td>
<td>729</td>
<td>12015</td>
<td>337</td>
<td>2.19839</td>
<td>603</td>
</tr>
<tr>
<td>sudoku-9x9-29-mVk5R5Yn.cnf</td>
<td>729</td>
<td>12017</td>
<td>126</td>
<td>0.920433</td>
<td>146</td>
</tr>
<tr>
<td>sudoku-9x9-28-vC5CYMYr.cnf</td>
<td>729</td>
<td>12016</td>
<td>77</td>
<td>0.585151</td>
<td>92</td>
</tr>
<tr>
<td>sudoku-9x9-29-xT43kKG1.cnf</td>
<td>729</td>
<td>12017</td>
<td>214</td>
<td>1.13374</td>
<td>571</td>
</tr>
<tr>
<td>sudoku-9x9-29-tnjQXYXb.cnf</td>
<td>729</td>
<td>12017</td>
<td>37</td>
<td>0.186694</td>
<td>151</td>
</tr>
<tr>
<td>sudoku-9x9-27-0VzlZitY.cnf</td>
<td>729</td>
<td>12015</td>
<td>271</td>
<td>1.44119</td>
<td>552</td>
</tr>
<tr>
<td>sudoku-9x9-29-KzOh5Lfg.cnf</td>
<td>729</td>
<td>12017</td>
<td>168</td>
<td>0.899245</td>
<td>269</td>
</tr>
<tr>
<td>sudoku-9x9-27-jNlEgHgh.cnf</td>
<td>729</td>
<td>12015</td>
<td>68</td>
<td>0.33824</td>
<td>104</td>
</tr>
<tr>
<td>sudoku-9x9-27-yXG5c9tq.cnf</td>
<td>729</td>
<td>12015</td>
<td>665</td>
<td>3.60406</td>
<td>1379</td>
</tr>
<tr>
<td>sudoku-9x9-27-ee0KVDdd.cnf</td>
<td>729</td>
<td>12015</td>
<td>38</td>
<td>0.157518</td>
<td>147</td>
</tr>
<tr>
<td>sudoku-9x9-27-5HIDaYV9.cnf</td>
<td>729</td>
<td>12015</td>
<td>317</td>
<td>1.97756</td>
<td>589</td>
</tr>
